2017-01-24 10:51:21,400 [localhost-startStop-1] DEBUG org.springframework.beans.factory.support.DefaultListableBeanFactory(450) - Creating instance of bean 'mvcUrlPathHelper'
  2017-01-24 10:51:21,401 [localhost-startStop-1] DEBUG org.springframework.beans.factory.support.DefaultListableBeanFactory(523) - Eagerly caching bean 'mvcUrlPathHelper' to allow for resolving potential circular references
  2017-01-24 10:51:21,406 [localhost-startStop-1] DEBUG org.springframework.beans.factory.support.DefaultListableBeanFactory(478) - Finished creating instance of bean 'mvcUrlPathHelper'
  2017-01-24 10:51:21,406 [localhost-startStop-1] DEBUG org.springframework.beans.factory.support.DefaultListableBeanFactory(221) - Creating shared instance of singleton bean 'org.springframework.web.servlet.handler.SimpleUrlHandlerMapping#0'
  2017-01-24 10:51:21,406 [localhost-startStop-1] DEBUG org.springframework.beans.factory.support.DefaultListableBeanFactory(450) - Creating instance of bean 'org.springframework.web.servlet.handler.SimpleUrlHandlerMapping#0'
  2017-01-24 10:51:21,408 [localhost-startStop-1] DEBUG org.springframework.beans.factory.support.DefaultListableBeanFactory(523) - Eagerly caching bean 'org.springframework.web.servlet.handler.SimpleUrlHandlerMapping#0' to allow for resolving potential circular references
  2017-01-24 10:51:21,417 [localhost-startStop-1] DEBUG org.springframework.beans.factory.support.DefaultListableBeanFactory(248) - Returning cached instance of singleton bean 'mvcPathMatcher'
  2017-01-24 10:51:21,417 [localhost-startStop-1] DEBUG org.springframework.beans.factory.support.DefaultListableBeanFactory(248) - Returning cached instance of singleton bean 'mvcUrlPathHelper'
  2017-01-24 10:51:21,418 [localhost-startStop-1] DEBUG org.springframework.beans.factory.support.DefaultListableBeanFactory(248) - Returning cached instance of singleton bean 'org.springframework.web.servlet.handler.MappedInterceptor#0'
  2017-01-24 10:51:21,418 [localhost-startStop-1] DEBUG org.springframework.beans.factory.support.DefaultListableBeanFactory(248) - Returning cached instance of singleton bean 'org.springframework.web.servlet.handler.MappedInterceptor#1'
  2017-01-24 10:51:21,419 [localhost-startStop-1] DEBUG org.springframework.beans.factory.support.DefaultListableBeanFactory(248) - Returning cached instance of singleton bean 'org.springframework.web.servlet.resource.ResourceHttpRequestHandler#0'
  2017-01-24 10:51:21,419 [localhost-startStop-1] INFO  org.springframework.web.servlet.handler.SimpleUrlHandlerMapping(314) - Mapped URL path [/js/**] onto handler 'org.springframework.web.servlet.resource.ResourceHttpRequestHandler#0'
  2017-01-24 10:51:21,419 [localhost-startStop-1] DEBUG org.springframework.beans.factory.support.DefaultListableBeanFactory(478) - Finished creating instance of bean 'org.springframework.web.servlet.handler.SimpleUrlHandlerMapping#0'
  2017-01-24 10:51:21,420 [localhost-startStop-1] DEBUG org.springframework.beans.factory.support.DefaultListableBeanFactory(221) - Creating shared instance of singleton bean 'userController'
  2017-01-24 10:51:21,420 [localhost-startStop-1] DEBUG org.springframework.beans.factory.support.DefaultListableBeanFactory(450) - Creating instance of bean 'userController'
  2017-01-24 10:51:21,421 [localhost-startStop-1] DEBUG org.springframework.beans.factory.annotation.InjectionMetadata(72) - Registered injected element on class [com.xz.test.controller.UserController]: AutowiredFieldElement for private com.xz.test.service.UserService com.xz.test.controller.UserController.userService
  2017-01-24 10:51:21,421 [localhost-startStop-1] DEBUG org.springframework.beans.factory.support.DefaultListableBeanFactory(523) - Eagerly caching bean 'userController' to allow for resolving potential circular references
  2017-01-24 10:51:21,424 [localhost-startStop-1] DEBUG org.springframework.beans.factory.annotation.InjectionMetadata(86) - Processing injected element of bean 'userController': AutowiredFieldElement for private com.xz.test.service.UserService com.xz.test.controller.UserController.userService
  2017-01-24 10:51:21,425 [localhost-startStop-1] DEBUG org.springframework.beans.factory.support.DefaultListableBeanFactory(248) - Returning cached instance of singleton bean 'userServiceImpl'
  2017-01-24 10:51:21,425 [localhost-startStop-1] DEBUG org.springframework.beans.factory.annotation.AutowiredAnnotationBeanPostProcessor(480) - Autowiring by type from bean name 'userController' to bean named 'userServiceImpl'
  2017-01-24 10:51:21,426 [localhost-startStop-1] DEBUG org.springframework.beans.factory.support.DefaultListableBeanFactory(478) - Finished creating instance of bean 'userController'
  2017-01-24 10:51:21,426 [localhost-startStop-1] DEBUG org.springframework.beans.factory.support.DefaultListableBeanFactory(248) - Returning cached instance of singleton bean 'org.springframework.context.annotation.internalConfigurationAnnotationProcessor'
  2017-01-24 10:51:21,426 [localhost-startStop-1] DEBUG org.springframework.beans.factory.support.DefaultListableBeanFactory(248) - Returning cached instance of singleton bean 'org.springframework.context.annotation.internalAutowiredAnnotationProcessor'
  2017-01-24 10:51:21,426 [localhost-startStop-1] DEBUG org.springframework.beans.factory.support.DefaultListableBeanFactory(248) - Returning cached instance of singleton bean 'org.springframework.context.annotation.internalRequiredAnnotationProcessor'
  2017-01-24 10:51:21,426 [localhost-startStop-1] DEBUG org.springframework.beans.factory.support.DefaultListableBeanFactory(248) - Returning cached instance of singleton bean 'org.springframework.context.annotation.internalCommonAnnotationProcessor'
  2017-01-24 10:51:21,426 [localhost-startStop-1] DEBUG org.springframework.beans.factory.support.DefaultListableBeanFactory(221) - Creating shared instance of singleton bean 'org.springframework.web.servlet.mvc.annotation.AnnotationMethodHandlerAdapter#0'
  2017-01-24 10:51:21,426 [localhost-startStop-1] DEBUG org.springframework.beans.factory.support.DefaultListableBeanFactory(450) - Creating instance of bean 'org.springframework.web.servlet.mvc.annotation.AnnotationMethodHandlerAdapter#0'
  2017-01-24 10:51:21,437 [localhost-startStop-1] DEBUG org.springframework.beans.factory.support.DefaultListableBeanFactory(523) - Eagerly caching bean 'org.springframework.web.servlet.mvc.annotation.AnnotationMethodHandlerAdapter#0' to allow for resolving potential circular references
  2017-01-24 10:51:21,445 [localhost-startStop-1] DEBUG org.springframework.beans.factory.support.DefaultListableBeanFactory(478) - Finished creating instance of bean 'org.springframework.web.servlet.mvc.annotation.AnnotationMethodHandlerAdapter#0'
  2017-01-24 10:51:21,446 [localhost-startStop-1] DEBUG org.springframework.beans.factory.support.DefaultListableBeanFactory(221) - Creating shared instance of singleton bean 'jsonConverter'
  2017-01-24 10:51:21,446 [localhost-startStop-1] DEBUG org.springframework.beans.factory.support.DefaultListableBeanFactory(450) - Creating instance of bean 'jsonConverter'
  2017-01-24 10:51:21,450 [localhost-startStop-1] DEBUG org.springframework.beans.factory.support.DefaultListableBeanFactory(523) - Eagerly caching bean 'jsonConverter' to allow for resolving potential circular references
  2017-01-24 10:51:21,452 [localhost-startStop-1] DEBUG org.springframework.beans.factory.support.DefaultListableBeanFactory(478) - Finished creating instance of bean 'jsonConverter'
  2017-01-24 10:51:21,452 [localhost-startStop-1] DEBUG org.springframework.beans.factory.support.DefaultListableBeanFactory(221) - Creating shared instance of singleton bean 'org.springframework.web.servlet.mvc.annotation.AnnotationMethodHandlerAdapter#1'
  2017-01-24 10:51:21,453 [localhost-startStop-1] DEBUG org.springframework.beans.factory.support.DefaultListableBeanFactory(450) - Creating instance of bean 'org.springframework.web.servlet.mvc.annotation.AnnotationMethodHandlerAdapter#1'
  2017-01-24 10:51:21,457 [localhost-startStop-1] DEBUG org.springframework.beans.factory.support.DefaultListableBeanFactory(523) - Eagerly caching bean 'org.springframework.web.servlet.mvc.annotation.AnnotationMethodHandlerAdapter#1' to allow for resolving potential circular references
  2017-01-24 10:51:21,457 [localhost-startStop-1] DEBUG org.springframework.beans.factory.support.DefaultListableBeanFactory(248) - Returning cached instance of singleton bean 'jsonConverter'
  2017-01-24 10:51:21,457 [localhost-startStop-1] DEBUG org.springframework.beans.factory.support.DefaultListableBeanFactory(478) - Finished creating instance of bean 'org.springframework.web.servlet.mvc.annotation.AnnotationMethodHandlerAdapter#1'
  2017-01-24 10:51:21,458 [localhost-startStop-1] DEBUG org.springframework.beans.factory.support.DefaultListableBeanFactory(221) - Creating shared instance of singleton bean 'org.springframework.web.servlet.mvc.annotation.AnnotationMethodHandlerAdapter#2'
  2017-01-24 10:51:21,458 [localhost-startStop-1] DEBUG org.springframework.beans.factory.support.DefaultListableBeanFactory(450) - Creating instance of bean 'org.springframework.web.servlet.mvc.annotation.AnnotationMethodHandlerAdapter#2'
  2017-01-24 10:51:21,462 [localhost-startStop-1] DEBUG org.springframework.beans.factory.support.DefaultListableBeanFactory(523) - Eagerly caching bean 'org.springframework.web.servlet.mvc.annotation.AnnotationMethodHandlerAdapter#2' to allow for resolving potential circular references
  2017-01-24 10:51:21,462 [localhost-startStop-1] DEBUG org.springframework.beans.factory.support.DefaultListableBeanFactory(248) - Returning cached instance of singleton bean 'jsonConverter'
  2017-01-24 10:51:21,462 [localhost-startStop-1] DEBUG org.springframework.beans.factory.support.DefaultListableBeanFactory(478) - Finished creating instance of bean 'org.springframework.web.servlet.mvc.annotation.AnnotationMethodHandlerAdapter#2'
  2017-01-24 10:51:21,463 [localhost-startStop-1] DEBUG org.springframework.beans.factory.support.DefaultListableBeanFactory(221) - Creating shared instance of singleton bean 'org.springframework.web.servlet.view.InternalResourceViewResolver#0'
  2017-01-24 10:51:21,463 [localhost-startStop-1] DEBUG org.springframework.beans.factory.support.DefaultListableBeanFactory(450) - Creating instance of bean 'org.springframework.web.servlet.view.InternalResourceViewResolver#0'
  2017-01-24 10:51:21,471 [localhost-startStop-1] DEBUG org.springframework.beans.factory.support.DefaultListableBeanFactory(523) - Eagerly caching bean 'org.springframework.web.servlet.view.InternalResourceViewResolver#0' to allow for resolving potential circular references
  2017-01-24 10:51:21,486 [localhost-startStop-1] DEBUG org.springframework.beans.factory.support.DefaultListableBeanFactory(478) - Finished creating instance of bean 'org.springframework.web.servlet.view.InternalResourceViewResolver#0'
  2017-01-24 10:51:21,486 [localhost-startStop-1] DEBUG org.springframework.beans.factory.support.DefaultListableBeanFactory(248) - Returning cached instance of singleton bean 'org.springframework.context.annotation.ConfigurationClassPostProcessor.importAwareProcessor'
  2017-01-24 10:51:21,486 [localhost-startStop-1] DEBUG org.springframework.beans.factory.support.DefaultListableBeanFactory(248) - Returning cached instance of singleton bean 'org.springframework.context.annotation.ConfigurationClassPostProcessor.enhancedConfigurationProcessor'
  2017-01-24 10:51:21,487 [localhost-startStop-1] DEBUG org.springframework.web.context.support.XmlWebApplicationContext(697) - Unable to locate LifecycleProcessor with name 'lifecycleProcessor': using default [org.springframework.context.support.DefaultLifecycleProcessor@41a182ee]
  2017-01-24 10:51:21,487 [localhost-startStop-1] DEBUG org.springframework.beans.factory.support.DefaultListableBeanFactory(248) - Returning cached instance of singleton bean 'lifecycleProcessor'
  2017-01-24 10:51:21,488 [localhost-startStop-1] DEBUG org.springframework.beans.factory.support.DefaultListableBeanFactory(248) - Returning cached instance of singleton bean 'mvcResourceUrlProvider'
  2017-01-24 10:51:21,488 [localhost-startStop-1] DEBUG org.springframework.web.servlet.DispatcherServlet(490) - Unable to locate MultipartResolver with name 'multipartResolver': no multipart request handling provided
  2017-01-24 10:51:21,489 [localhost-startStop-1] DEBUG org.springframework.beans.factory.support.DefaultListableBeanFactory(450) - Creating instance of bean 'org.springframework.web.servlet.i18n.AcceptHeaderLocaleResolver'
  2017-01-24 10:51:21,493 [localhost-startStop-1] DEBUG org.springframework.beans.factory.support.DefaultListableBeanFactory(478) - Finished creating instance of bean 'org.springframework.web.servlet.i18n.AcceptHeaderLocaleResolver'
  2017-01-24 10:51:21,493 [localhost-startStop-1] DEBUG org.springframework.web.servlet.DispatcherServlet(512) - Unable to locate LocaleResolver with name 'localeResolver': using default [org.springframework.web.servlet.i18n.AcceptHeaderLocaleResolver@3705a74]
  2017-01-24 10:51:21,494 [localhost-startStop-1] DEBUG org.springframework.beans.factory.support.DefaultListableBeanFactory(450) - Creating instance of bean 'org.springframework.web.servlet.theme.FixedThemeResolver'
  2017-01-24 10:51:21,502 [localhost-startStop-1] DEBUG org.springframework.beans.factory.support.DefaultListableBeanFactory(478) - Finished creating instance of bean 'org.springframework.web.servlet.theme.FixedThemeResolver'
  2017-01-24 10:51:21,502 [localhost-startStop-1] DEBUG org.springframework.web.servlet.DispatcherServlet(534) - Unable to locate ThemeResolver with name 'themeResolver': using default [org.springframework.web.servlet.theme.FixedThemeResolver@12417fb]
  2017-01-24 10:51:21,503 [localhost-startStop-1] DEBUG org.springframework.beans.factory.support.DefaultListableBeanFactory(248) - Returning cached instance of singleton bean 'org.springframework.web.servlet.mvc.method.annotation.RequestMappingHandlerMapping#0'
  2017-01-24 10:51:21,503 [localhost-startStop-1] DEBUG org.springframework.beans.factory.support.DefaultListableBeanFactory(248) - Returning cached instance of singleton bean 'org.springframework.web.servlet.handler.BeanNameUrlHandlerMapping'
  2017-01-24 10:51:21,503 [localhost-startStop-1] DEBUG org.springframework.beans.factory.support.DefaultListableBeanFactory(248) - Returning cached instance of singleton bean 'org.springframework.web.servlet.handler.SimpleUrlHandlerMapping#0'
  2017-01-24 10:51:21,504 [localhost-startStop-1] DEBUG org.springframework.beans.factory.support.DefaultListableBeanFactory(248) - Returning cached instance of singleton bean 'org.springframework.web.servlet.mvc.method.annotation.RequestMappingHandlerAdapter#0'
  2017-01-24 10:51:21,504 [localhost-startStop-1] DEBUG org.springframework.beans.factory.support.DefaultListableBeanFactory(248) - Returning cached instance of singleton bean 'org.springframework.web.servlet.mvc.HttpRequestHandlerAdapter'
  2017-01-24 10:51:21,504 [localhost-startStop-1] DEBUG org.springframework.beans.factory.support.DefaultListableBeanFactory(248) - Returning cached instance of singleton bean 'org.springframework.web.servlet.mvc.SimpleControllerHandlerAdapter'
  2017-01-24 10:51:21,504 [localhost-startStop-1] DEBUG org.springframework.beans.factory.support.DefaultListableBeanFactory(248) - Returning cached instance of singleton bean 'org.springframework.web.servlet.mvc.annotation.AnnotationMethodHandlerAdapter#0'
  2017-01-24 10:51:21,505 [localhost-startStop-1] DEBUG org.springframework.beans.factory.support.DefaultListableBeanFactory(248) - Returning cached instance of singleton bean 'org.springframework.web.servlet.mvc.annotation.AnnotationMethodHandlerAdapter#1'
  2017-01-24 10:51:21,505 [localhost-startStop-1] DEBUG org.springframework.beans.factory.support.DefaultListableBeanFactory(248) - Returning cached instance of singleton bean 'org.springframework.web.servlet.mvc.annotation.AnnotationMethodHandlerAdapter#2'
  2017-01-24 10:51:21,505 [localhost-startStop-1] DEBUG org.springframework.beans.factory.support.DefaultListableBeanFactory(248) - Returning cached instance of singleton bean 'org.springframework.web.servlet.mvc.method.annotation.ExceptionHandlerExceptionResolver#0'
  2017-01-24 10:51:21,506 [localhost-startStop-1] DEBUG org.springframework.beans.factory.support.DefaultListableBeanFactory(248) - Returning cached instance of singleton bean 'org.springframework.web.servlet.mvc.annotation.ResponseStatusExceptionResolver#0'
  2017-01-24 10:51:21,506 [localhost-startStop-1] DEBUG org.springframework.beans.factory.support.DefaultListableBeanFactory(248) - Returning cached instance of singleton bean 'org.springframework.web.servlet.mvc.support.DefaultHandlerExceptionResolver#0'
  2017-01-24 10:51:21,507 [localhost-startStop-1] DEBUG org.springframework.beans.factory.support.DefaultListableBeanFactory(450) - Creating instance of bean 'org.springframework.web.servlet.view.DefaultRequestToViewNameTranslator'
  2017-01-24 10:51:21,512 [localhost-startStop-1] DEBUG org.springframework.beans.factory.support.DefaultListableBeanFactory(478) - Finished creating instance of bean 'org.springframework.web.servlet.view.DefaultRequestToViewNameTranslator'
  2017-01-24 10:51:21,513 [localhost-startStop-1] DEBUG org.springframework.web.servlet.DispatcherServlet(672) - Unable to locate RequestToViewNameTranslator with name 'viewNameTranslator': using default [org.springframework.web.servlet.view.DefaultRequestToViewNameTranslator@5892924e]
  2017-01-24 10:51:21,513 [localhost-startStop-1] DEBUG org.springframework.beans.factory.support.DefaultListableBeanFactory(248) - Returning cached instance of singleton bean 'org.springframework.web.servlet.view.InternalResourceViewResolver#0'
  2017-01-24 10:51:21,515 [localhost-startStop-1] DEBUG org.springframework.beans.factory.support.DefaultListableBeanFactory(450) - Creating instance of bean 'org.springframework.web.servlet.support.SessionFlashMapManager'
  2017-01-24 10:51:21,524 [localhost-startStop-1] DEBUG org.springframework.beans.factory.support.DefaultListableBeanFactory(478) - Finished creating instance of bean 'org.springframework.web.servlet.support.SessionFlashMapManager'
  2017-01-24 10:51:21,524 [localhost-startStop-1] DEBUG org.springframework.web.servlet.DispatcherServlet(734) - Unable to locate FlashMapManager with name 'flashMapManager': using default [org.springframework.web.servlet.support.SessionFlashMapManager@7403fcb4]
  2017-01-24 10:51:21,524 [localhost-startStop-1] DEBUG org.springframework.web.servlet.resource.ResourceUrlProvider(136) - Looking for resource handler mappings
  2017-01-24 10:51:21,525 [localhost-startStop-1] DEBUG org.springframework.beans.factory.support.DefaultListableBeanFactory(248) - Returning cached instance of singleton bean 'org.springframework.web.servlet.handler.SimpleUrlHandlerMapping#0'
  2017-01-24 10:51:21,525 [localhost-startStop-1] DEBUG org.springframework.web.servlet.resource.ResourceUrlProvider(148) - Found resource handler mapping: URL pattern="/js/**", locations=[ServletContext resource [/js/]], resolvers=[org.springframework.web.servlet.resource.PathResourceResolver@31c3c8ed]
  2017-01-24 10:51:21,525 [localhost-startStop-1] DEBUG org.springframework.web.servlet.resource.ResourceUrlProvider(136) - Looking for resource handler mappings
  2017-01-24 10:51:21,525 [localhost-startStop-1] DEBUG org.springframework.beans.factory.support.DefaultListableBeanFactory(248) - Returning cached instance of singleton bean 'org.springframework.web.servlet.handler.SimpleUrlHandlerMapping#0'
  2017-01-24 10:51:21,526 [localhost-startStop-1] DEBUG org.springframework.web.servlet.resource.ResourceUrlProvider(148) - Found resource handler mapping: URL pattern="/js/**", locations=[ServletContext resource [/js/]], resolvers=[org.springframework.web.servlet.resource.PathResourceResolver@31c3c8ed]
  2017-01-24 10:51:21,526 [localhost-startStop-1] DEBUG org.springframework.core.env.PropertySourcesPropertyResolver(81) - Searching for key 'spring.liveBeansView.mbeanDomain' in [servletConfigInitParams]
  2017-01-24 10:51:21,526 [localhost-startStop-1] DEBUG org.springframework.core.env.PropertySourcesPropertyResolver(81) - Searching for key 'spring.liveBeansView.mbeanDomain' in [servletContextInitParams]
  2017-01-24 10:51:21,526 [localhost-startStop-1] DEBUG org.springframework.core.env.PropertySourcesPropertyResolver(81) - Searching for key 'spring.liveBeansView.mbeanDomain' in [jndiProperties]
  2017-01-24 10:51:21,526 [localhost-startStop-1] DEBUG org.springframework.jndi.JndiTemplate(150) - Looking up JNDI object with name [java:comp/env/spring.liveBeansView.mbeanDomain]
  2017-01-24 10:51:21,527 [localhost-startStop-1] DEBUG org.springframework.jndi.JndiLocatorDelegate(101) - Converted JNDI name [java:comp/env/spring.liveBeansView.mbeanDomain] not found - trying original name [spring.liveBeansView.mbeanDomain]. javax.naming.NameNotFoundException: Name [spring.liveBeansView.mbeanDomain] is not bound in this Context. Unable to find [spring.liveBeansView.mbeanDomain].
  2017-01-24 10:51:21,527 [localhost-startStop-1] DEBUG org.springframework.jndi.JndiTemplate(150) - Looking up JNDI object with name [spring.liveBeansView.mbeanDomain]
  2017-01-24 10:51:21,527 [localhost-startStop-1] DEBUG org.springframework.jndi.JndiPropertySource(90) - JNDI lookup for name [spring.liveBeansView.mbeanDomain] threw NamingException with message: Name [spring.liveBeansView.mbeanDomain] is not bound in this Context. Unable to find [spring.liveBeansView.mbeanDomain].. Returning null.
  2017-01-24 10:51:21,527 [localhost-startStop-1] DEBUG org.springframework.core.env.PropertySourcesPropertyResolver(81) - Searching for key 'spring.liveBeansView.mbeanDomain' in [systemProperties]
  2017-01-24 10:51:21,528 [localhost-startStop-1] DEBUG org.springframework.core.env.PropertySourcesPropertyResolver(81) - Searching for key 'spring.liveBeansView.mbeanDomain' in [systemEnvironment]
  2017-01-24 10:51:21,528 [localhost-startStop-1] DEBUG org.springframework.core.env.PropertySourcesPropertyResolver(103) - Could not find key 'spring.liveBeansView.mbeanDomain' in any property source. Returning [null]
  2017-01-24 10:51:21,528 [localhost-startStop-1] DEBUG org.springframework.web.servlet.DispatcherServlet(563) - Published WebApplicationContext of servlet 'springMVC' as ServletContext attribute with name [org.springframework.web.servlet.FrameworkServlet.CONTEXT.springMVC]
  2017-01-24 10:51:21,528 [localhost-startStop-1] INFO  org.springframework.web.servlet.DispatcherServlet(503) - FrameworkServlet 'springMVC': initialization completed in 1063 ms
  2017-01-24 10:51:21,528 [localhost-startStop-1] DEBUG org.springframework.web.servlet.DispatcherServlet(139) - Servlet 'springMVC' configured successfully
  2017-01-24 10:51:28,278 [http-bio-8080-exec-1] DEBUG org.springframework.web.servlet.DispatcherServlet(845) - DispatcherServlet with name 'springMVC' processing GET request for [/ssm/user/list.do]
  2017-01-24 10:51:28,281 [http-bio-8080-exec-1] DEBUG org.springframework.web.servlet.mvc.method.annotation.RequestMappingHandlerMapping(297) - Looking up handler method for path /user/list.do
  2017-01-24 10:51:28,284 [http-bio-8080-exec-1] DEBUG org.springframework.web.servlet.mvc.method.annotation.RequestMappingHandlerMapping(302) - Returning handler method [public org.springframework.web.servlet.ModelAndView com.xz.test.controller.UserController.list(org.springframework.ui.Model)]
  2017-01-24 10:51:28,285 [http-bio-8080-exec-1] DEBUG org.springframework.beans.factory.support.DefaultListableBeanFactory(248) - Returning cached instance of singleton bean 'userController'
  2017-01-24 10:51:28,285 [http-bio-8080-exec-1] DEBUG org.springframework.web.servlet.DispatcherServlet(931) - Last-Modified value for [/ssm/user/list.do] is: -1
  2017-01-24 10:51:28,323 [http-bio-8080-exec-1] DEBUG org.mybatis.spring.SqlSessionUtils(104) - Creating a new SqlSession
  2017-01-24 10:51:28,331 [http-bio-8080-exec-1] DEBUG org.mybatis.spring.SqlSessionUtils(120) - Registering transaction synchronization for SqlSession [org.apache.ibatis.session.defaults.DefaultSqlSession@4082b933]
  2017-01-24 10:51:28,347 [http-bio-8080-exec-1] DEBUG org.springframework.jdbc.datasource.DataSourceUtils(110) - Fetching JDBC Connection from DataSource
  2017-01-24 10:51:28,782 [http-bio-8080-exec-1] DEBUG org.springframework.jdbc.datasource.DataSourceUtils(114) - Registering transaction synchronization for JDBC Connection
  2017-01-24 10:51:28,786 [http-bio-8080-exec-1] DEBUG org.mybatis.spring.transaction.SpringManagedTransaction(86) - JDBC Connection [jdbc:mysql://localhost:3306/test?useUnicode=true&allowMultiQueries=true&characterEncoding=UTF-8&useFastDateParsing=false&zeroDateTimeBehavior=convertToNull, UserName=root@127.0.0.1, MySQL Connector Java] will be managed by Spring
  2017-01-24 10:51:28,794 [http-bio-8080-exec-1] DEBUG com.xz.test.dao.UserMapper.findAll(139) - ==>  Preparing: select username, password from user 
  2017-01-24 10:51:28,825 [http-bio-8080-exec-1] DEBUG com.xz.test.dao.UserMapper.findAll(139) - ==> Parameters: 
  2017-01-24 10:51:28,845 [http-bio-8080-exec-1] DEBUG com.xz.test.dao.UserMapper.findAll(139) - <==      Total: 3
  2017-01-24 10:51:28,848 [http-bio-8080-exec-1] DEBUG org.mybatis.spring.SqlSessionUtils(163) - Releasing transactional SqlSession [org.apache.ibatis.session.defaults.DefaultSqlSession@4082b933]
  2017-01-24 10:51:28,849 [http-bio-8080-exec-1] DEBUG org.mybatis.spring.SqlSessionUtils(287) - Transaction synchronization deregistering SqlSession [org.apache.ibatis.session.defaults.DefaultSqlSession@4082b933]
  2017-01-24 10:51:28,849 [http-bio-8080-exec-1] DEBUG org.mybatis.spring.SqlSessionUtils(292) - Transaction synchronization closing SqlSession [org.apache.ibatis.session.defaults.DefaultSqlSession@4082b933]
  2017-01-24 10:51:28,849 [http-bio-8080-exec-1] DEBUG org.springframework.jdbc.datasource.DataSourceUtils(327) - Returning JDBC Connection to DataSource
  2017-01-24 10:51:28,853 [http-bio-8080-exec-1] DEBUG org.springframework.beans.factory.support.DefaultListableBeanFactory(1608) - Invoking afterPropertiesSet() on bean with name 'user_list'
  2017-01-24 10:51:28,854 [http-bio-8080-exec-1] DEBUG org.springframework.web.servlet.DispatcherServlet(1225) - Rendering view [org.springframework.web.servlet.view.InternalResourceView: name 'user_list'; URL [/WEB-INF/jsp/user_list.jsp]] in DispatcherServlet with name 'springMVC'
  2017-01-24 10:51:28,854 [http-bio-8080-exec-1] DEBUG org.springframework.web.servlet.view.InternalResourceView(432) - Added model object 'userList' of type [java.util.ArrayList] to request in view with name 'user_list'
  2017-01-24 10:51:28,855 [http-bio-8080-exec-1] DEBUG org.springframework.web.servlet.view.InternalResourceView(166) - Forwarding to resource [/WEB-INF/jsp/user_list.jsp] in InternalResourceView 'user_list'
  2017-01-24 10:51:28,929 [http-bio-8080-exec-1] DEBUG org.springframework.web.servlet.DispatcherServlet(996) - Successfully completed request
  2017-01-24 10:51:28,931 [http-bio-8080-exec-1] DEBUG org.springframework.beans.factory.support.DefaultListableBeanFactory(248) - Returning cached instance of singleton bean 'sqlSessionFactory'
  2017-01-24 10:51:35,341 [http-bio-8080-exec-3] DEBUG org.springframework.web.servlet.DispatcherServlet(845) - DispatcherServlet with name 'springMVC' processing GET request for [/ssm/user/list.do]
  2017-01-24 10:51:35,342 [http-bio-8080-exec-3] DEBUG org.springframework.web.servlet.mvc.method.annotation.RequestMappingHandlerMapping(297) - Looking up handler method for path /user/list.do
  2017-01-24 10:51:35,343 [http-bio-8080-exec-3] DEBUG org.springframework.web.servlet.mvc.method.annotation.RequestMappingHandlerMapping(302) - Returning handler method [public org.springframework.web.servlet.ModelAndView com.xz.test.controller.UserController.list(org.springframework.ui.Model)]
  2017-01-24 10:51:35,344 [http-bio-8080-exec-3] DEBUG org.springframework.beans.factory.support.DefaultListableBeanFactory(248) - Returning cached instance of singleton bean 'userController'
  2017-01-24 10:51:35,344 [http-bio-8080-exec-3] DEBUG org.springframework.web.servlet.DispatcherServlet(931) - Last-Modified value for [/ssm/user/list.do] is: -1
  2017-01-24 10:51:35,345 [http-bio-8080-exec-3] DEBUG org.mybatis.spring.SqlSessionUtils(104) - Creating a new SqlSession
  2017-01-24 10:51:35,346 [http-bio-8080-exec-3] DEBUG org.mybatis.spring.SqlSessionUtils(120) - Registering transaction synchronization for SqlSession [org.apache.ibatis.session.defaults.DefaultSqlSession@60c53a2b]
  2017-01-24 10:51:35,347 [http-bio-8080-exec-3] DEBUG org.springframework.jdbc.datasource.DataSourceUtils(110) - Fetching JDBC Connection from DataSource
  2017-01-24 10:51:35,350 [http-bio-8080-exec-3] DEBUG org.springframework.jdbc.datasource.DataSourceUtils(114) - Registering transaction synchronization for JDBC Connection
  2017-01-24 10:51:35,351 [http-bio-8080-exec-3] DEBUG org.mybatis.spring.transaction.SpringManagedTransaction(86) - JDBC Connection [jdbc:mysql://localhost:3306/test?useUnicode=true&allowMultiQueries=true&characterEncoding=UTF-8&useFastDateParsing=false&zeroDateTimeBehavior=convertToNull, UserName=root@127.0.0.1, MySQL Connector Java] will be managed by Spring
  2017-01-24 10:51:35,356 [http-bio-8080-exec-3] DEBUG com.xz.test.dao.UserMapper.findAll(139) - ==>  Preparing: select username, password from user 
  2017-01-24 10:51:35,357 [http-bio-8080-exec-3] DEBUG com.xz.test.dao.UserMapper.findAll(139) - ==> Parameters: 
  2017-01-24 10:51:35,360 [http-bio-8080-exec-3] DEBUG com.xz.test.dao.UserMapper.findAll(139) - <==      Total: 3
  2017-01-24 10:51:35,360 [http-bio-8080-exec-3] DEBUG org.mybatis.spring.SqlSessionUtils(163) - Releasing transactional SqlSession [org.apache.ibatis.session.defaults.DefaultSqlSession@60c53a2b]
  2017-01-24 10:51:35,360 [http-bio-8080-exec-3] DEBUG org.mybatis.spring.SqlSessionUtils(287) - Transaction synchronization deregistering SqlSession [org.apache.ibatis.session.defaults.DefaultSqlSession@60c53a2b]
  2017-01-24 10:51:35,360 [http-bio-8080-exec-3] DEBUG org.mybatis.spring.SqlSessionUtils(292) - Transaction synchronization closing SqlSession [org.apache.ibatis.session.defaults.DefaultSqlSession@60c53a2b]
  2017-01-24 10:51:35,361 [http-bio-8080-exec-3] DEBUG org.springframework.jdbc.datasource.DataSourceUtils(327) - Returning JDBC Connection to DataSource
  2017-01-24 10:51:40,015 [http-bio-8080-exec-3] DEBUG org.springframework.web.servlet.DispatcherServlet(1225) - Rendering view [org.springframework.web.servlet.view.InternalResourceView: name 'user_list'; URL [/WEB-INF/jsp/user_list.jsp]] in DispatcherServlet with name 'springMVC'
  2017-01-24 10:51:40,016 [http-bio-8080-exec-3] DEBUG org.springframework.web.servlet.view.InternalResourceView(432) - Added model object 'userList' of type [java.util.ArrayList] to request in view with name 'user_list'
  2017-01-24 10:51:40,017 [http-bio-8080-exec-3] DEBUG org.springframework.web.servlet.view.InternalResourceView(166) - Forwarding to resource [/WEB-INF/jsp/user_list.jsp] in InternalResourceView 'user_list'
  2017-01-24 10:51:40,020 [http-bio-8080-exec-3] DEBUG org.springframework.web.servlet.DispatcherServlet(996) - Successfully completed request
  2017-01-24 10:52:28,801 [http-bio-8080-exec-4] DEBUG org.springframework.web.servlet.DispatcherServlet(845) - DispatcherServlet with name 'springMVC' processing GET request for [/ssm/user/list.do]
  2017-01-24 10:52:28,802 [http-bio-8080-exec-4] DEBUG org.springframework.web.servlet.mvc.method.annotation.RequestMappingHandlerMapping(297) - Looking up handler method for path /user/list.do
  2017-01-24 10:52:28,803 [http-bio-8080-exec-4] DEBUG org.springframework.web.servlet.mvc.method.annotation.RequestMappingHandlerMapping(302) - Returning handler method [public org.springframework.web.servlet.ModelAndView com.xz.test.controller.UserController.list(org.springframework.ui.Model)]
  2017-01-24 10:52:28,803 [http-bio-8080-exec-4] DEBUG org.springframework.beans.factory.support.DefaultListableBeanFactory(248) - Returning cached instance of singleton bean 'userController'
  2017-01-24 10:52:28,804 [http-bio-8080-exec-4] DEBUG org.springframework.web.servlet.DispatcherServlet(931) - Last-Modified value for [/ssm/user/list.do] is: -1
  2017-01-24 10:52:28,805 [http-bio-8080-exec-4] DEBUG org.mybatis.spring.SqlSessionUtils(104) - Creating a new SqlSession
  2017-01-24 10:52:28,805 [http-bio-8080-exec-4] DEBUG org.mybatis.spring.SqlSessionUtils(120) - Registering transaction synchronization for SqlSession [org.apache.ibatis.session.defaults.DefaultSqlSession@272b7976]
  2017-01-24 10:52:28,806 [http-bio-8080-exec-4] DEBUG org.springframework.jdbc.datasource.DataSourceUtils(110) - Fetching JDBC Connection from DataSource
  2017-01-24 10:52:28,809 [http-bio-8080-exec-4] DEBUG org.springframework.jdbc.datasource.DataSourceUtils(114) - Registering transaction synchronization for JDBC Connection
  2017-01-24 10:52:28,810 [http-bio-8080-exec-4] DEBUG org.mybatis.spring.transaction.SpringManagedTransaction(86) - JDBC Connection [jdbc:mysql://localhost:3306/test?useUnicode=true&allowMultiQueries=true&characterEncoding=UTF-8&useFastDateParsing=false&zeroDateTimeBehavior=convertToNull, UserName=root@127.0.0.1, MySQL Connector Java] will be managed by Spring
  2017-01-24 10:52:28,810 [http-bio-8080-exec-4] DEBUG com.xz.test.dao.UserMapper.findAll(139) - ==>  Preparing: select username, password from user 
  2017-01-24 10:52:28,811 [http-bio-8080-exec-4] DEBUG com.xz.test.dao.UserMapper.findAll(139) - ==> Parameters: 
  2017-01-24 10:52:28,815 [http-bio-8080-exec-4] DEBUG com.xz.test.dao.UserMapper.findAll(139) - <==      Total: 3
  2017-01-24 10:52:28,816 [http-bio-8080-exec-4] DEBUG org.mybatis.spring.SqlSessionUtils(163) - Releasing transactional SqlSession [org.apache.ibatis.session.defaults.DefaultSqlSession@272b7976]
  2017-01-24 10:52:28,817 [http-bio-8080-exec-4] DEBUG org.mybatis.spring.SqlSessionUtils(287) - Transaction synchronization deregistering SqlSession [org.apache.ibatis.session.defaults.DefaultSqlSession@272b7976]
  2017-01-24 10:52:28,817 [http-bio-8080-exec-4] DEBUG org.mybatis.spring.SqlSessionUtils(292) - Transaction synchronization closing SqlSession [org.apache.ibatis.session.defaults.DefaultSqlSession@272b7976]
  2017-01-24 10:52:28,818 [http-bio-8080-exec-4] DEBUG org.springframework.jdbc.datasource.DataSourceUtils(327) - Returning JDBC Connection to DataSource
  2017-01-24 10:52:28,818 [http-bio-8080-exec-4] DEBUG org.springframework.web.servlet.DispatcherServlet(1225) - Rendering view [org.springframework.web.servlet.view.InternalResourceView: name 'user_list'; URL [/WEB-INF/jsp/user_list.jsp]] in DispatcherServlet with name 'springMVC'
  2017-01-24 10:52:28,819 [http-bio-8080-exec-4] DEBUG org.springframework.web.servlet.view.InternalResourceView(432) - Added model object 'userList' of type [java.util.ArrayList] to request in view with name 'user_list'
  2017-01-24 10:52:28,819 [http-bio-8080-exec-4] DEBUG org.springframework.web.servlet.view.InternalResourceView(166) - Forwarding to resource [/WEB-INF/jsp/user_list.jsp] in InternalResourceView 'user_list'
  2017-01-24 10:52:29,396 [http-bio-8080-exec-4] DEBUG org.springframework.web.servlet.DispatcherServlet(996) - Successfully completed request
  2017-01-24 10:53:41,672 [http-bio-8080-exec-7] DEBUG org.springframework.web.servlet.DispatcherServlet(845) - DispatcherServlet with name 'springMVC' processing GET request for [/ssm/user/list.do]
  2017-01-24 10:53:41,673 [http-bio-8080-exec-7] DEBUG org.springframework.web.servlet.mvc.method.annotation.RequestMappingHandlerMapping(297) - Looking up handler method for path /user/list.do
  2017-01-24 10:53:41,675 [http-bio-8080-exec-7] DEBUG org.springframework.web.servlet.mvc.method.annotation.RequestMappingHandlerMapping(302) - Returning handler method [public org.springframework.web.servlet.ModelAndView com.xz.test.controller.UserController.list(org.springframework.ui.Model)]
  2017-01-24 10:53:41,675 [http-bio-8080-exec-7] DEBUG org.springframework.beans.factory.support.DefaultListableBeanFactory(248) - Returning cached instance of singleton bean 'userController'
  2017-01-24 10:53:41,676 [http-bio-8080-exec-7] DEBUG org.springframework.web.servlet.DispatcherServlet(931) - Last-Modified value for [/ssm/user/list.do] is: -1
  2017-01-24 10:53:41,678 [http-bio-8080-exec-7] DEBUG org.mybatis.spring.SqlSessionUtils(104) - Creating a new SqlSession
  2017-01-24 10:53:41,679 [http-bio-8080-exec-7] DEBUG org.mybatis.spring.SqlSessionUtils(120) - Registering transaction synchronization for SqlSession [org.apache.ibatis.session.defaults.DefaultSqlSession@4da6ba17]
  2017-01-24 10:53:41,680 [http-bio-8080-exec-7] DEBUG org.springframework.jdbc.datasource.DataSourceUtils(110) - Fetching JDBC Connection from DataSource
  2017-01-24 10:53:41,682 [http-bio-8080-exec-7] DEBUG org.springframework.jdbc.datasource.DataSourceUtils(114) - Registering transaction synchronization for JDBC Connection
  2017-01-24 10:53:41,684 [http-bio-8080-exec-7] DEBUG org.mybatis.spring.transaction.SpringManagedTransaction(86) - JDBC Connection [jdbc:mysql://localhost:3306/test?useUnicode=true&allowMultiQueries=true&characterEncoding=UTF-8&useFastDateParsing=false&zeroDateTimeBehavior=convertToNull, UserName=root@127.0.0.1, MySQL Connector Java] will be managed by Spring
  2017-01-24 10:53:41,685 [http-bio-8080-exec-7] DEBUG com.xz.test.dao.UserMapper.findAll(139) - ==>  Preparing: select username, password from user 
  2017-01-24 10:53:41,686 [http-bio-8080-exec-7] DEBUG com.xz.test.dao.UserMapper.findAll(139) - ==> Parameters: 
  2017-01-24 10:53:41,693 [http-bio-8080-exec-7] DEBUG com.xz.test.dao.UserMapper.findAll(139) - <==      Total: 3
  2017-01-24 10:53:41,694 [http-bio-8080-exec-7] DEBUG org.mybatis.spring.SqlSessionUtils(163) - Releasing transactional SqlSession [org.apache.ibatis.session.defaults.DefaultSqlSession@4da6ba17]
  2017-01-24 10:53:41,695 [http-bio-8080-exec-7] DEBUG org.mybatis.spring.SqlSessionUtils(287) - Transaction synchronization deregistering SqlSession [org.apache.ibatis.session.defaults.DefaultSqlSession@4da6ba17]
  2017-01-24 10:53:41,695 [http-bio-8080-exec-7] DEBUG org.mybatis.spring.SqlSessionUtils(292) - Transaction synchronization closing SqlSession [org.apache.ibatis.session.defaults.DefaultSqlSession@4da6ba17]
  2017-01-24 10:53:41,696 [http-bio-8080-exec-7] DEBUG org.springframework.jdbc.datasource.DataSourceUtils(327) - Returning JDBC Connection to DataSource
  2017-01-24 10:53:41,697 [http-bio-8080-exec-7] DEBUG org.springframework.web.servlet.DispatcherServlet(1225) - Rendering view [org.springframework.web.servlet.view.InternalResourceView: name 'user_list'; URL [/WEB-INF/jsp/user_list.jsp]] in DispatcherServlet with name 'springMVC'
  2017-01-24 10:53:41,697 [http-bio-8080-exec-7] DEBUG org.springframework.web.servlet.view.InternalResourceView(432) - Added model object 'userList' of type [java.util.ArrayList] to request in view with name 'user_list'
  2017-01-24 10:53:41,697 [http-bio-8080-exec-7] DEBUG org.springframework.web.servlet.view.InternalResourceView(432) - Added model object 'a' of type [java.lang.String] to request in view with name 'user_list'
  2017-01-24 10:53:41,698 [http-bio-8080-exec-7] DEBUG org.springframework.web.servlet.view.InternalResourceView(166) - Forwarding to resource [/WEB-INF/jsp/user_list.jsp] in InternalResourceView 'user_list'
  2017-01-24 10:53:42,030 [http-bio-8080-exec-7] DEBUG org.springframework.web.servlet.DispatcherServlet(996) - Successfully completed request
  